<?xml version="1.0" encoding="UTF-8"?>
<!-- Generated by org.testng.reporters.JUnitReportReporter -->
<testsuite hostname="PunitSharma-PC" name="mav2.NewTest" tests="1" failures="0" timestamp="29 Jul 2019 16:59:44 GMT" time="0.020" errors="0">
  <testcase name="f" time="0.020" classname="mav2.NewTest"/>
</testsuite> <!-- mav2.NewTest -->
